world size: 1, current rank: 0, local rank: 0
Using 1 GPU(s)...
time/loss/accuracy (if enabled):
Finished training it 100/500 of epoch 0, 22.00 ms/it, loss 0.083395
Embedding lookup time: 1.41 ms, MLP time: 1.88 ms, interaction time: 2.04 ms 
Running dlrm: 6.48 ms, running backpropagation after dlrm: 14.71 ms
Finished training it 200/500 of epoch 0, 19.48 ms/it, loss 0.083651
Embedding lookup time: 1.32 ms, MLP time: 1.24 ms, interaction time: 1.66 ms 
Running dlrm: 5.55 ms, running backpropagation after dlrm: 13.31 ms
Finished training it 300/500 of epoch 0, 19.36 ms/it, loss 0.083158
Embedding lookup time: 1.32 ms, MLP time: 1.23 ms, interaction time: 1.65 ms 
Running dlrm: 5.54 ms, running backpropagation after dlrm: 13.21 ms
Finished training it 400/500 of epoch 0, 19.40 ms/it, loss 0.083563
Embedding lookup time: 1.33 ms, MLP time: 1.23 ms, interaction time: 1.62 ms 
Running dlrm: 5.55 ms, running backpropagation after dlrm: 13.23 ms
Finished training it 500/500 of epoch 0, 19.35 ms/it, loss 0.083210
Embedding lookup time: 1.32 ms, MLP time: 1.24 ms, interaction time: 1.61 ms 
Running dlrm: 5.52 ms, running backpropagation after dlrm: 13.22 ms
The MLP time is 0.6820175647735596
The embedding lookup time is 0.6701743602752686
The interaction time is 0.8589339256286621
The total time is 303.30456733703613
